D:\OCCT\OPENCASCADE-7.0.0\SAMPLES\MFC\STANDARD\05_IMPORTEXPORT\ADM\WIN\VC11\WIN64\OBJ\VOLUTEDIALOG.OBJ
D:\OCCT\OPENCASCADE-7.0.0\SAMPLES\MFC\STANDARD\05_IMPORTEXPORT\ADM\WIN\VC11\WIN64\OBJ\IMPORTEXPORTDOC.OBJ
D:\OCCT\OPENCASCADE-7.0.0\SAMPLES\MFC\STANDARD\05_IMPORTEXPORT\ADM\WIN\VC11\WIN64\OBJ\IMPORTEXPORT.PCH
D:\OCCT\OPENCASCADE-7.0.0\SAMPLES\MFC\STANDARD\05_IMPORTEXPORT\ADM\WIN\VC11\WIN64\OBJ\STDAFX.OBJ
D:\OCCT\OPENCASCADE-7.0.0\SAMPLES\MFC\STANDARD\05_IMPORTEXPORT\ADM\WIN\VC11\WIN64\OBJ\VC110.PDB
D:\OCCT\OPENCASCADE-7.0.0\SAMPLES\MFC\STANDARD\05_IMPORTEXPORT\ADM\WIN\VC11\WIN64\OBJ\IMPORTEXPORTAPP.OBJ
D:\OCCT\OPENCASCADE-7.0.0\SAMPLES\MFC\STANDARD\05_IMPORTEXPORT\ADM\WIN\VC11\WIN64\OBJ\COLOREDSHAPES.OBJ
D:\OCCT\OPENCASCADE-7.0.0\SAMPLES\MFC\STANDARD\05_IMPORTEXPORT\ADM\WIN\VC11\WIN64\OBJ\WINMAIN.OBJ
D:\OCCT\opencascade-7.0.0\samples\mfc\standard\win64\vc11\bin\ImportExport.lib
D:\OCCT\opencascade-7.0.0\samples\mfc\standard\win64\vc11\bin\ImportExport.exp
D:\OCCT\OPENCASCADE-7.0.0\SAMPLES\MFC\STANDARD\WIN64\VC11\BIN\IMPORTEXPORT.EXE
D:\OCCT\OPENCASCADE-7.0.0\SAMPLES\MFC\STANDARD\WIN64\VC11\BIN\IMPORTEXPORT.PDB
D:\OCCT\OPENCASCADE-7.0.0\SAMPLES\MFC\STANDARD\05_IMPORTEXPORT\ADM\WIN\VC11\WIN64\OBJD\IMPORTEXPORT.RES
D:\OCCT\opencascade-7.0.0\samples\mfc\standard\05_ImportExport\adm\win\vc11\win64\objd\cl.command.1.tlog
D:\OCCT\opencascade-7.0.0\samples\mfc\standard\05_ImportExport\adm\win\vc11\win64\objd\CL.read.1.tlog
D:\OCCT\opencascade-7.0.0\samples\mfc\standard\05_ImportExport\adm\win\vc11\win64\objd\CL.write.1.tlog
D:\OCCT\opencascade-7.0.0\samples\mfc\standard\05_ImportExport\adm\win\vc11\win64\objd\ImportExport.write.1.tlog
D:\OCCT\opencascade-7.0.0\samples\mfc\standard\05_ImportExport\adm\win\vc11\win64\objd\link-cvtres.read.1.tlog
D:\OCCT\opencascade-7.0.0\samples\mfc\standard\05_ImportExport\adm\win\vc11\win64\objd\link-cvtres.write.1.tlog
D:\OCCT\opencascade-7.0.0\samples\mfc\standard\05_ImportExport\adm\win\vc11\win64\objd\link-mt.read.1.tlog
D:\OCCT\opencascade-7.0.0\samples\mfc\standard\05_ImportExport\adm\win\vc11\win64\objd\link-mt.write.1.tlog
D:\OCCT\opencascade-7.0.0\samples\mfc\standard\05_ImportExport\adm\win\vc11\win64\objd\link-rc.read.1.tlog
D:\OCCT\opencascade-7.0.0\samples\mfc\standard\05_ImportExport\adm\win\vc11\win64\objd\link-rc.write.1.tlog
D:\OCCT\opencascade-7.0.0\samples\mfc\standard\05_ImportExport\adm\win\vc11\win64\objd\link.command.1.tlog
D:\OCCT\opencascade-7.0.0\samples\mfc\standard\05_ImportExport\adm\win\vc11\win64\objd\link.read.1.tlog
D:\OCCT\opencascade-7.0.0\samples\mfc\standard\05_ImportExport\adm\win\vc11\win64\objd\link.write.1.tlog
D:\OCCT\opencascade-7.0.0\samples\mfc\standard\05_ImportExport\adm\win\vc11\win64\objd\rc.command.1.tlog
D:\OCCT\opencascade-7.0.0\samples\mfc\standard\05_ImportExport\adm\win\vc11\win64\objd\rc.read.1.tlog
D:\OCCT\opencascade-7.0.0\samples\mfc\standard\05_ImportExport\adm\win\vc11\win64\objd\rc.write.1.tlog
D:\OCCT\opencascade-7.0.0\samples\mfc\standard\05_ImportExport\adm\win\vc11\win64\objd\ImportExport.res
D:\OCCT\opencascade-7.0.0\samples\mfc\standard\05_ImportExport\adm\win\vc11\../../../../win64\vc11\bin\ImportExport.exe
